0 info it worked if it ends with ok
1 verbose cli [ '/home/driel/.node/bin/node',
1 verbose cli   '/home/driel/.node/bin/npm',
1 verbose cli   'run',
1 verbose cli   'test' ]
2 info using npm@3.10.8
3 info using node@v6.8.1
4 verbose run-script [ 'pretest', 'test', 'posttest' ]
5 info lifecycle bitmap_transformer@0.0.1~pretest: bitmap_transformer@0.0.1
6 verbose lifecycle bitmap_transformer@0.0.1~pretest: unsafe-perm in lifecycle true
7 verbose lifecycle bitmap_transformer@0.0.1~pretest: PATH: /home/driel/.node/lib/node_modules/npm/bin/node-gyp-bin:/home/driel/projects/CodeFellows401/lab_assignments/class04-bitmap_transformer/node_modules/.bin:/home/driel/.node_modules_global/bin:/home/driel/.npm/bin:/home/driel/.node/bin:/usr/lib/ccache:/home/driel/anaconda2/bin:/home/driel/anaconda2/bin:/usr/local/bin:/usr/bin:/bin:/usr/local/games:/usr/games
8 verbose lifecycle bitmap_transformer@0.0.1~pretest: CWD: /home/driel/projects/CodeFellows401/lab_assignments/class04-bitmap_transformer
9 silly lifecycle bitmap_transformer@0.0.1~pretest: Args: [ '-c', 'npm run lint' ]
10 silly lifecycle bitmap_transformer@0.0.1~pretest: Returned: code: 0  signal: null
11 info lifecycle bitmap_transformer@0.0.1~test: bitmap_transformer@0.0.1
12 verbose lifecycle bitmap_transformer@0.0.1~test: unsafe-perm in lifecycle true
13 verbose lifecycle bitmap_transformer@0.0.1~test: PATH: /home/driel/.node/lib/node_modules/npm/bin/node-gyp-bin:/home/driel/projects/CodeFellows401/lab_assignments/class04-bitmap_transformer/node_modules/.bin:/home/driel/.node_modules_global/bin:/home/driel/.npm/bin:/home/driel/.node/bin:/usr/lib/ccache:/home/driel/anaconda2/bin:/home/driel/anaconda2/bin:/usr/local/bin:/usr/bin:/bin:/usr/local/games:/usr/games
14 verbose lifecycle bitmap_transformer@0.0.1~test: CWD: /home/driel/projects/CodeFellows401/lab_assignments/class04-bitmap_transformer
15 silly lifecycle bitmap_transformer@0.0.1~test: Args: [ '-c', 'mocha' ]
16 silly lifecycle bitmap_transformer@0.0.1~test: Returned: code: 1  signal: null
17 info lifecycle bitmap_transformer@0.0.1~test: Failed to exec test script
18 verbose stack Error: bitmap_transformer@0.0.1 test: `mocha`
18 verbose stack Exit status 1
18 verbose stack     at EventEmitter.<anonymous> (/home/driel/.node/lib/node_modules/npm/lib/utils/lifecycle.js:255:16)
18 verbose stack     at emitTwo (events.js:106:13)
18 verbose stack     at EventEmitter.emit (events.js:191:7)
18 verbose stack     at ChildProcess.<anonymous> (/home/driel/.node/lib/node_modules/npm/lib/utils/spawn.js:40:14)
18 verbose stack     at emitTwo (events.js:106:13)
18 verbose stack     at ChildProcess.emit (events.js:191:7)
18 verbose stack     at maybeClose (internal/child_process.js:877:16)
18 verbose stack     at Process.ChildProcess._handle.onexit (internal/child_process.js:226:5)
19 verbose pkgid bitmap_transformer@0.0.1
20 verbose cwd /home/driel/projects/CodeFellows401/lab_assignments/class04-bitmap_transformer
21 error Linux 4.7.0-1-amd64
22 error argv "/home/driel/.node/bin/node" "/home/driel/.node/bin/npm" "run" "test"
23 error node v6.8.1
24 error npm  v3.10.8
25 error code ELIFECYCLE
26 error bitmap_transformer@0.0.1 test: `mocha`
26 error Exit status 1
27 error Failed at the bitmap_transformer@0.0.1 test script 'mocha'.
27 error Make sure you have the latest version of node.js and npm installed.
27 error If you do, this is most likely a problem with the bitmap_transformer package,
27 error not with npm itself.
27 error Tell the author that this fails on your system:
27 error     mocha
27 error You can get information on how to open an issue for this project with:
27 error     npm bugs bitmap_transformer
27 error Or if that isn't available, you can get their info via:
27 error     npm owner ls bitmap_transformer
27 error There is likely additional logging output above.
28 verbose exit [ 1, true ]
